<?xml version="1.0" encoding="UTF-8"?>
<testsuite xmlns:xsi="http://www.w3.org/2001/XMLSchema-instance" xsi:noNamespaceSchemaLocation="https://maven.apache.org/surefire/maven-surefire-plugin/xsd/surefire-test-report-3.0.xsd" version="3.0" name="com.example.library.LibraryTest" time="0.093" tests="10" errors="0" skipped="0" failures="0">
  <properties>
    <property name="java.specification.version" value="22"/>
    <property name="sun.cpu.isalist" value="amd64"/>
    <property name="sun.jnu.encoding" value="Cp1252"/>
    <property name="java.class.path" value="D:\AllProjects\libsys\target\test-classes;D:\AllProjects\libsys\target\classes;C:\Users\jinan\.m2\repository\org\junit\jupiter\junit-jupiter-api\5.8.2\junit-jupiter-api-5.8.2.jar;C:\Users\jinan\.m2\repository\org\opentest4j\opentest4j\1.2.0\opentest4j-1.2.0.jar;C:\Users\jinan\.m2\repository\org\junit\platform\junit-platform-commons\1.8.2\junit-platform-commons-1.8.2.jar;C:\Users\jinan\.m2\repository\org\apiguardian\apiguardian-api\1.1.2\apiguardian-api-1.1.2.jar;C:\Users\jinan\.m2\repository\org\junit\jupiter\junit-jupiter-engine\5.8.2\junit-jupiter-engine-5.8.2.jar;C:\Users\jinan\.m2\repository\org\junit\platform\junit-platform-engine\1.8.2\junit-platform-engine-1.8.2.jar;"/>
    <property name="java.vm.vendor" value="Oracle Corporation"/>
    <property name="sun.arch.data.model" value="64"/>
    <property name="user.variant" value=""/>
    <property name="java.vendor.url" value="https://java.oracle.com/"/>
    <property name="user.timezone" value="Asia/Calcutta"/>
    <property name="os.name" value="Windows 11"/>
    <property name="java.vm.specification.version" value="22"/>
    <property name="sun.java.launcher" value="SUN_STANDARD"/>
    <property name="user.country" value="US"/>
    <property name="sun.boot.library.path" value="C:\Program Files\Java\jdk-22\bin"/>
    <property name="sun.java.command" value="C:\Users\jinan\AppData\Local\Temp\surefire542794055209121258\surefirebooter-20240901185437187_3.jar C:\Users\jinan\AppData\Local\Temp\surefire542794055209121258 2024-09-01T18-54-36_684-jvmRun1 surefire-20240901185437187_1tmp surefire_0-20240901185437187_2tmp"/>
    <property name="jdk.debug" value="release"/>
    <property name="surefire.test.class.path" value="D:\AllProjects\libsys\target\test-classes;D:\AllProjects\libsys\target\classes;C:\Users\jinan\.m2\repository\org\junit\jupiter\junit-jupiter-api\5.8.2\junit-jupiter-api-5.8.2.jar;C:\Users\jinan\.m2\repository\org\opentest4j\opentest4j\1.2.0\opentest4j-1.2.0.jar;C:\Users\jinan\.m2\repository\org\junit\platform\junit-platform-commons\1.8.2\junit-platform-commons-1.8.2.jar;C:\Users\jinan\.m2\repository\org\apiguardian\apiguardian-api\1.1.2\apiguardian-api-1.1.2.jar;C:\Users\jinan\.m2\repository\org\junit\jupiter\junit-jupiter-engine\5.8.2\junit-jupiter-engine-5.8.2.jar;C:\Users\jinan\.m2\repository\org\junit\platform\junit-platform-engine\1.8.2\junit-platform-engine-1.8.2.jar;"/>
    <property name="sun.cpu.endian" value="little"/>
    <property name="user.home" value="C:\Users\jinan"/>
    <property name="user.language" value="en"/>
    <property name="java.specification.vendor" value="Oracle Corporation"/>
    <property name="java.version.date" value="2024-07-16"/>
    <property name="java.home" value="C:\Program Files\Java\jdk-22"/>
    <property name="file.separator" value="\"/>
    <property name="basedir" value="D:\AllProjects\libsys"/>
    <property name="java.vm.compressedOopsMode" value="32-bit"/>
    <property name="line.separator" value="&#10;"/>
    <property name="java.vm.specification.vendor" value="Oracle Corporation"/>
    <property name="java.specification.name" value="Java Platform API Specification"/>
    <property name="surefire.real.class.path" value="C:\Users\jinan\AppData\Local\Temp\surefire542794055209121258\surefirebooter-20240901185437187_3.jar"/>
    <property name="user.script" value=""/>
    <property name="sun.management.compiler" value="HotSpot 64-Bit Tiered Compilers"/>
    <property name="java.runtime.version" value="22.0.2+9-70"/>
    <property name="user.name" value="jinan"/>
    <property name="stdout.encoding" value="Cp1252"/>
    <property name="path.separator" value=";"/>
    <property name="os.version" value="10.0"/>
    <property name="java.runtime.name" value="Java(TM) SE Runtime Environment"/>
    <property name="file.encoding" value="UTF-8"/>
    <property name="java.vm.name" value="Java HotSpot(TM) 64-Bit Server VM"/>
    <property name="localRepository" value="C:\Users\jinan\.m2\repository"/>
    <property name="java.vendor.url.bug" value="https://bugreport.java.com/bugreport/"/>
    <property name="java.io.tmpdir" value="C:\Users\jinan\AppData\Local\Temp\"/>
    <property name="java.version" value="22.0.2"/>
    <property name="user.dir" value="D:\AllProjects\libsys"/>
    <property name="os.arch" value="amd64"/>
    <property name="java.vm.specification.name" value="Java Virtual Machine Specification"/>
    <property name="sun.os.patch.level" value=""/>
    <property name="native.encoding" value="Cp1252"/>
    <property name="java.library.path" value="C:\Program Files\Java\jdk-22\bin;C:\WINDOWS\Sun\Java\bin;C:\WINDOWS\system32;C:\WINDOWS;C:\Program Files\Common Files\Oracle\Java\javapath;C:\Program Files (x86)\Common Files\Oracle\Java\java8path;C:\Program Files (x86)\Common Files\Oracle\Java\javapath;C:\Windows\system32;C:\Windows;C:\Windows\System32\Wbem;C:\Windows\System32\WindowsPowerShell\v1.0\;C:\Windows\System32\OpenSSH\;C:\Program Files (x86)\NVIDIA Corporation\PhysX\Common;C:\Program Files\NVIDIA Corporation\NVIDIA NvDLISR;C:\WINDOWS\system32;C:\WINDOWS;C:\WINDOWS\System32\Wbem;C:\WINDOWS\System32\WindowsPowerShell\v1.0\;C:\WINDOWS\System32\OpenSSH\;C:\Program Files\nodejs\;C:\Program Files\Git\cmd;C:\Program Files\Java\jdk-22\bin;C:\Program Files\apache-maven-3.9.9\bin;C:\Users\jinan\AppData\Local\Programs\Python\Python312\Scripts\;C:\Users\jinan\AppData\Local\Programs\Python\Python312\;C:\Users\jinan\AppData\Local\Programs\Python\Launcher\;C:\Users\jinan\AppData\Local\Microsoft\WindowsApps;C:\Users\jinan\AppData\Local\Programs\Microsoft VS Code\bin;C:\Users\jinan\AppData\Local\GitHubDesktop\bin;C:\Users\jinan\AppData\Roaming\npm;;."/>
    <property name="java.vm.info" value="mixed mode, sharing"/>
    <property name="stderr.encoding" value="Cp1252"/>
    <property name="java.vendor" value="Oracle Corporation"/>
    <property name="java.vm.version" value="22.0.2+9-70"/>
    <property name="sun.io.unicode.encoding" value="UnicodeLittle"/>
    <property name="java.class.version" value="66.0"/>
  </properties>
  <testcase name="testBookConditionReporting" classname="com.example.library.LibraryTest" time="0.008">
    <system-out><![CDATA[Added book: Brave New World by Aldous Huxley (ISBN: 9780060850524) (3 copies available, 1932)
Added book: 1984 by George Orwell (ISBN: 9780451524935) (2 copies available, 1949)
Added user: Alice
Added user: Bob
Added book: Damaged Book by Author (ISBN: 9789876543210) (1 copies available, 2023)
Damage reported for this copy.
]]></system-out>
  </testcase>
  <testcase name="testAddUser" classname="com.example.library.LibraryTest" time="0.004">
    <system-out><![CDATA[Added book: Brave New World by Aldous Huxley (ISBN: 9780060850524) (3 copies available, 1932)
Added book: 1984 by George Orwell (ISBN: 9780451524935) (2 copies available, 1949)
Added user: Alice
Added user: Bob
Added user: Charlie
]]></system-out>
  </testcase>
  <testcase name="testCheckOverdueBooks" classname="com.example.library.LibraryTest" time="0.013">
    <system-out><![CDATA[Added book: Brave New World by Aldous Huxley (ISBN: 9780060850524) (3 copies available, 1932)
Added book: 1984 by George Orwell (ISBN: 9780451524935) (2 copies available, 1949)
Added user: Alice
Added user: Bob
Added book: Overdue Book by Author (ISBN: 9783333333333) (1 copies available, 2024)
Copy borrowed. Due date: 2024-09-15
Overdue book: Overdue Book, Due Date: 2024-08-22
]]></system-out>
  </testcase>
  <testcase name="testSearchBooksByTitle" classname="com.example.library.LibraryTest" time="0.01">
    <system-out><![CDATA[Added book: Brave New World by Aldous Huxley (ISBN: 9780060850524) (3 copies available, 1932)
Added book: 1984 by George Orwell (ISBN: 9780451524935) (2 copies available, 1949)
Added user: Alice
Added user: Bob
]]></system-out>
  </testcase>
  <testcase name="testDonateBook" classname="com.example.library.LibraryTest" time="0.007">
    <system-out><![CDATA[Added book: Brave New World by Aldous Huxley (ISBN: 9780060850524) (3 copies available, 1932)
Added book: 1984 by George Orwell (ISBN: 9780451524935) (2 copies available, 1949)
Added user: Alice
Added user: Bob
Donated book: Donated Book by Donor (ISBN: 9781234567897) (1 copies available, 2024)
]]></system-out>
  </testcase>
  <testcase name="testMultipleBranches" classname="com.example.library.LibraryTest" time="0.002">
    <system-out><![CDATA[Added book: Brave New World by Aldous Huxley (ISBN: 9780060850524) (3 copies available, 1932)
Added book: 1984 by George Orwell (ISBN: 9780451524935) (2 copies available, 1949)
Added user: Alice
Added user: Bob
Added book: Book Branch 1 by Author (ISBN: 9781111111111) (1 copies available, 2000)
Added book: Book Branch 2 by Author (ISBN: 9782222222222) (1 copies available, 2001)
]]></system-out>
  </testcase>
  <testcase name="testUserActivityLogging" classname="com.example.library.LibraryTest" time="0.005">
    <system-out><![CDATA[Added book: Brave New World by Aldous Huxley (ISBN: 9780060850524) (3 copies available, 1932)
Added book: 1984 by George Orwell (ISBN: 9780451524935) (2 copies available, 1949)
Added user: Alice
Added user: Bob
Copy borrowed. Due date: 2024-09-15
Book borrowed: Brave New World
Copy borrowed. Due date: 2024-09-15
Alice borrowed Brave New World
]]></system-out>
  </testcase>
  <testcase name="testGenerateReport" classname="com.example.library.LibraryTest" time="0.008">
    <system-out><![CDATA[Added book: Brave New World by Aldous Huxley (ISBN: 9780060850524) (3 copies available, 1932)
Added book: 1984 by George Orwell (ISBN: 9780451524935) (2 copies available, 1949)
Added user: Alice
Added user: Bob
Library Report:
Total Books: 2
Available Books: 2
User: Alice | Borrowed Books: 0
User: Bob | Borrowed Books: 0
]]></system-out>
  </testcase>
  <testcase name="testSearchBooksByAuthor" classname="com.example.library.LibraryTest" time="0.003">
    <system-out><![CDATA[Added book: Brave New World by Aldous Huxley (ISBN: 9780060850524) (3 copies available, 1932)
Added book: 1984 by George Orwell (ISBN: 9780451524935) (2 copies available, 1949)
Added user: Alice
Added user: Bob
]]></system-out>
  </testcase>
  <testcase name="testAddDuplicateUser" classname="com.example.library.LibraryTest" time="0.004">
    <system-out><![CDATA[Added book: Brave New World by Aldous Huxley (ISBN: 9780060850524) (3 copies available, 1932)
Added book: 1984 by George Orwell (ISBN: 9780451524935) (2 copies available, 1949)
Added user: Alice
Added user: Bob
User already exists.
]]></system-out>
  </testcase>
</testsuite>