<?xml version="1.0" encoding="UTF-8"?>
<testsuite xmlns:xsi="http://www.w3.org/2001/XMLSchema-instance" xsi:noNamespaceSchemaLocation="https://maven.apache.org/surefire/maven-surefire-plugin/xsd/surefire-test-report-3.0.xsd" version="3.0" name="com.example.library.BookTest" time="0.497" tests="8" errors="0" skipped="0" failures="0">
  <properties>
    <property name="java.specification.version" value="22"/>
    <property name="sun.cpu.isalist" value="amd64"/>
    <property name="sun.jnu.encoding" value="Cp1252"/>
    <property name="java.class.path" value="D:\AllProjects\libsys\target\test-classes;D:\AllProjects\libsys\target\classes;C:\Users\jinan\.m2\repository\org\junit\jupiter\junit-jupiter-api\5.8.2\junit-jupiter-api-5.8.2.jar;C:\Users\jinan\.m2\repository\org\opentest4j\opentest4j\1.2.0\opentest4j-1.2.0.jar;C:\Users\jinan\.m2\repository\org\junit\platform\junit-platform-commons\1.8.2\junit-platform-commons-1.8.2.jar;C:\Users\jinan\.m2\repository\org\apiguardian\apiguardian-api\1.1.2\apiguardian-api-1.1.2.jar;C:\Users\jinan\.m2\repository\org\junit\jupiter\junit-jupiter-engine\5.8.2\junit-jupiter-engine-5.8.2.jar;C:\Users\jinan\.m2\repository\org\junit\platform\junit-platform-engine\1.8.2\junit-platform-engine-1.8.2.jar;"/>
    <property name="java.vm.vendor" value="Oracle Corporation"/>
    <property name="sun.arch.data.model" value="64"/>
    <property name="user.variant" value=""/>
    <property name="java.vendor.url" value="https://java.oracle.com/"/>
    <property name="user.timezone" value="Asia/Calcutta"/>
    <property name="os.name" value="Windows 11"/>
    <property name="java.vm.specification.version" value="22"/>
    <property name="sun.java.launcher" value="SUN_STANDARD"/>
    <property name="user.country" value="US"/>
    <property name="sun.boot.library.path" value="C:\Program Files\Java\jdk-22\bin"/>
    <property name="sun.java.command" value="C:\Users\jinan\AppData\Local\Temp\surefire16086630690879847545\surefirebooter-20240901170721857_3.jar C:\Users\jinan\AppData\Local\Temp\surefire16086630690879847545 2024-09-01T17-07-21_273-jvmRun1 surefire-20240901170721857_1tmp surefire_0-20240901170721857_2tmp"/>
    <property name="jdk.debug" value="release"/>
    <property name="surefire.test.class.path" value="D:\AllProjects\libsys\target\test-classes;D:\AllProjects\libsys\target\classes;C:\Users\jinan\.m2\repository\org\junit\jupiter\junit-jupiter-api\5.8.2\junit-jupiter-api-5.8.2.jar;C:\Users\jinan\.m2\repository\org\opentest4j\opentest4j\1.2.0\opentest4j-1.2.0.jar;C:\Users\jinan\.m2\repository\org\junit\platform\junit-platform-commons\1.8.2\junit-platform-commons-1.8.2.jar;C:\Users\jinan\.m2\repository\org\apiguardian\apiguardian-api\1.1.2\apiguardian-api-1.1.2.jar;C:\Users\jinan\.m2\repository\org\junit\jupiter\junit-jupiter-engine\5.8.2\junit-jupiter-engine-5.8.2.jar;C:\Users\jinan\.m2\repository\org\junit\platform\junit-platform-engine\1.8.2\junit-platform-engine-1.8.2.jar;"/>
    <property name="sun.cpu.endian" value="little"/>
    <property name="user.home" value="C:\Users\jinan"/>
    <property name="user.language" value="en"/>
    <property name="java.specification.vendor" value="Oracle Corporation"/>
    <property name="java.version.date" value="2024-07-16"/>
    <property name="java.home" value="C:\Program Files\Java\jdk-22"/>
    <property name="file.separator" value="\"/>
    <property name="basedir" value="D:\AllProjects\libsys"/>
    <property name="java.vm.compressedOopsMode" value="32-bit"/>
    <property name="line.separator" value="&#10;"/>
    <property name="java.vm.specification.vendor" value="Oracle Corporation"/>
    <property name="java.specification.name" value="Java Platform API Specification"/>
    <property name="surefire.real.class.path" value="C:\Users\jinan\AppData\Local\Temp\surefire16086630690879847545\surefirebooter-20240901170721857_3.jar"/>
    <property name="user.script" value=""/>
    <property name="sun.management.compiler" value="HotSpot 64-Bit Tiered Compilers"/>
    <property name="java.runtime.version" value="22.0.2+9-70"/>
    <property name="user.name" value="jinan"/>
    <property name="stdout.encoding" value="Cp1252"/>
    <property name="path.separator" value=";"/>
    <property name="os.version" value="10.0"/>
    <property name="java.runtime.name" value="Java(TM) SE Runtime Environment"/>
    <property name="file.encoding" value="UTF-8"/>
    <property name="java.vm.name" value="Java HotSpot(TM) 64-Bit Server VM"/>
    <property name="localRepository" value="C:\Users\jinan\.m2\repository"/>
    <property name="java.vendor.url.bug" value="https://bugreport.java.com/bugreport/"/>
    <property name="java.io.tmpdir" value="C:\Users\jinan\AppData\Local\Temp\"/>
    <property name="java.version" value="22.0.2"/>
    <property name="user.dir" value="D:\AllProjects\libsys"/>
    <property name="os.arch" value="amd64"/>
    <property name="java.vm.specification.name" value="Java Virtual Machine Specification"/>
    <property name="sun.os.patch.level" value=""/>
    <property name="native.encoding" value="Cp1252"/>
    <property name="java.library.path" value="C:\Program Files\Java\jdk-22\bin;C:\WINDOWS\Sun\Java\bin;C:\WINDOWS\system32;C:\WINDOWS;C:\Program Files\Common Files\Oracle\Java\javapath;C:\Program Files (x86)\Common Files\Oracle\Java\java8path;C:\Program Files (x86)\Common Files\Oracle\Java\javapath;C:\Windows\system32;C:\Windows;C:\Windows\System32\Wbem;C:\Windows\System32\WindowsPowerShell\v1.0\;C:\Windows\System32\OpenSSH\;C:\Program Files (x86)\NVIDIA Corporation\PhysX\Common;C:\Program Files\NVIDIA Corporation\NVIDIA NvDLISR;C:\WINDOWS\system32;C:\WINDOWS;C:\WINDOWS\System32\Wbem;C:\WINDOWS\System32\WindowsPowerShell\v1.0\;C:\WINDOWS\System32\OpenSSH\;C:\Program Files\nodejs\;C:\Program Files\Git\cmd;C:\Program Files\Java\jdk-22\bin;C:\Program Files\apache-maven-3.9.9\bin;C:\Users\jinan\AppData\Local\Programs\Python\Python312\Scripts\;C:\Users\jinan\AppData\Local\Programs\Python\Python312\;C:\Users\jinan\AppData\Local\Programs\Python\Launcher\;C:\Users\jinan\AppData\Local\Microsoft\WindowsApps;C:\Users\jinan\AppData\Local\Programs\Microsoft VS Code\bin;C:\Users\jinan\AppData\Local\GitHubDesktop\bin;C:\Users\jinan\AppData\Roaming\npm;;."/>
    <property name="java.vm.info" value="mixed mode, sharing"/>
    <property name="stderr.encoding" value="Cp1252"/>
    <property name="java.vendor" value="Oracle Corporation"/>
    <property name="java.vm.version" value="22.0.2+9-70"/>
    <property name="sun.io.unicode.encoding" value="UnicodeLittle"/>
    <property name="java.class.version" value="66.0"/>
  </properties>
  <testcase name="testGetReservedCopies" classname="com.example.library.BookTest" time="0.138">
    <system-out><![CDATA[Copy reserved.
Book reserved: Reserved Copies Book
Reserved copies: 1
]]></system-out>
  </testcase>
  <testcase name="testBookCreation" classname="com.example.library.BookTest" time="0.086">
    <system-out><![CDATA[Book created: The Great Gatsby by F. Scott Fitzgerald (ISBN: 9780743273565) (1 copies available, 1925)
]]></system-out>
  </testcase>
  <testcase name="testReturnBook" classname="com.example.library.BookTest" time="0.039">
    <system-out><![CDATA[Copy borrowed. Due date: 2024-09-15
Book borrowed: To Kill a Mockingbird
Copy returned.
Book returned: To Kill a Mockingbird
Book returned: To Kill a Mockingbird by Harper Lee (ISBN: 9780060935467) (1 copies available, 1960)
]]></system-out>
  </testcase>
  <testcase name="testReserve" classname="com.example.library.BookTest" time="0.005">
    <system-out><![CDATA[Copy reserved.
Book reserved: Reserved Book
Book reserved: Reserved Book by Author (ISBN: 123456789) (0 copies available, 2021)
]]></system-out>
  </testcase>
  <testcase name="testBorrowBook" classname="com.example.library.BookTest" time="0.008">
    <system-out><![CDATA[Copy borrowed. Due date: 2024-09-15
Book borrowed: 1984
Book borrowed: 1984 by George Orwell (ISBN: 9780451524935) (0 copies available, 1949)
]]></system-out>
  </testcase>
  <testcase name="testReportDamage" classname="com.example.library.BookTest" time="0.005">
    <system-out><![CDATA[Damage reported for this copy.
Damage reported for: Moby Dick by Herman Melville (ISBN: 9781503280786) (1 copies available, 1851)
]]></system-out>
  </testcase>
  <testcase name="testCancelReservation" classname="com.example.library.BookTest" time="0.02">
    <system-out><![CDATA[Copy reserved.
Book reserved: Book to Cancel Reservation
Reservation cancelled.
Reservation canceled for: Book to Cancel Reservation by Author (ISBN: 987654321) (1 copies available, 2021)
]]></system-out>
  </testcase>
  <testcase name="testGetAvailableCopies" classname="com.example.library.BookTest" time="0.007">
    <system-out><![CDATA[Available copies: 3
]]></system-out>
  </testcase>
</testsuite>